<?xml version="1.0" encoding="UTF-8"?>
<!-- Generated by org.testng.reporters.JUnitXMLReporter -->
<testsuite hostname="DESKTOP-RL4UTJR" name="Default test" tests="5" failures="0" timestamp="6 Feb 2022 12:30:19 GMT" time="47.285" errors="0">
  <testcase name="verifyDealsLinkTest" time="2.496" classname="testCases.HompageTest"/>
  <testcase name="verifyHomepageTitleTest" time="0.009" classname="testCases.HompageTest"/>
  <testcase name="userNameTitleTest" time="2.286" classname="testCases.HompageTest"/>
  <testcase name="verifyContactLinkTest" time="1.223" classname="testCases.HompageTest"/>
  <testcase name="verifyCompanyLinkTest" time="1.925" classname="testCases.HompageTest"/>
</testsuite> <!-- Default test -->
