<?xml version="1.0" encoding="UTF-8"?>
<!-- Generated by org.testng.reporters.JUnitXMLReporter -->
<testsuite ignored="0" hostname="MSDT011" failures="0" tests="5" name="Test" time="25.283" errors="0" timestamp="2022-03-04T18:34:55 IST">
  <testcase classname="tests.LoginPageTest" name="verifyForgetPassLink" time="1.565"/>
  <testcase classname="tests.LoginPageTest" name="verifyLoginPage" time="5.367"/>
  <testcase classname="tests.LoginPageTest" name="verifyLoginPageTitle" time="0.007"/>
  <testcase classname="tests.AccountPageTest" name="verifyLoginPage" time="5.155"/>
  <testcase classname="tests.AccountPageTest" name="verifyEnterPIN" time="3.694"/>
</testsuite> <!-- Test -->
