<?xml version="1.0" encoding="UTF-8"?>
<testng-results skipped="0" failed="0" ignored="0" total="1" passed="1">
  <reporter-output>
  </reporter-output>
  <suite name="Default suite" duration-ms="8141" started-at="2022-02-17T05:10:24Z" finished-at="2022-02-17T05:10:32Z">
    <groups>
    </groups>
    <test name="Default test" duration-ms="8141" started-at="2022-02-17T05:10:24Z" finished-at="2022-02-17T05:10:32Z">
      <class name="API.RestAssuredapi">
        <test-method status="PASS" signature="enterDataExcel(java.lang.String, java.lang.String)[pri:0, instance:API.RestAssuredapi@26be92ad]" name="enterDataExcel" duration-ms="7915" started-at="2022-02-17T05:10:24Z" data-provider="test" finished-at="2022-02-17T05:10:32Z">
          <params>
            <param index="0">
              <value>
                <![CDATA[Gunveer@gmail.com]]>
              </value>
            </param>
            <param index="1">
              <value is-null="true"/>
            </param>
          </params>
          <reporter-output>
          </reporter-output>
        </test-method> <!-- enterDataExcel -->
      </class> <!-- API.RestAssuredapi -->
    </test> <!-- Default test -->
  </suite> <!-- Default suite -->
</testng-results>
