<?xml version="1.0" encoding="UTF-8"?>
<testng-results ignored="0" total="5" passed="5" failed="0" skipped="0">
  <reporter-output>
  </reporter-output>
  <suite started-at="2022-03-04T18:34:29 IST" name="All Test Suite" finished-at="2022-03-04T18:34:55 IST" duration-ms="25283">
    <groups>
    </groups>
    <test started-at="2022-03-04T18:34:29 IST" name="Test" finished-at="2022-03-04T18:34:55 IST" duration-ms="25283">
      <class name="tests.AccountPageTest">
        <test-method is-config="true" signature="intialization()[pri:0, instance:tests.AccountPageTest@71ba6d4e]" started-at="2022-03-04T18:34:41 IST" name="intialization" finished-at="2022-03-04T18:34:46 IST" duration-ms="4182" status="PASS">
          <reporter-output>
          </reporter-output>
        </test-method> <!-- intialization -->
        <test-method signature="verifyLoginPage()[pri:1, instance:tests.AccountPageTest@71ba6d4e]" started-at="2022-03-04T18:34:46 IST" name="verifyLoginPage" finished-at="2022-03-04T18:34:51 IST" duration-ms="5155" status="PASS">
          <reporter-output>
          </reporter-output>
        </test-method> <!-- verifyLoginPage -->
        <test-method signature="verifyEnterPIN()[pri:2, instance:tests.AccountPageTest@71ba6d4e]" started-at="2022-03-04T18:34:51 IST" name="verifyEnterPIN" finished-at="2022-03-04T18:34:55 IST" duration-ms="3694" status="PASS">
          <reporter-output>
          </reporter-output>
        </test-method> <!-- verifyEnterPIN -->
      </class> <!-- tests.AccountPageTest -->
      <class name="tests.LoginPageTest">
        <test-method is-config="true" signature="intialization()[pri:0, instance:tests.LoginPageTest@1c7696c6]" started-at="2022-03-04T18:34:29 IST" name="intialization" finished-at="2022-03-04T18:34:35 IST" duration-ms="5112" status="PASS">
          <reporter-output>
          </reporter-output>
        </test-method> <!-- intialization -->
        <test-method signature="verifyForgetPassLink()[pri:1, instance:tests.LoginPageTest@1c7696c6]" started-at="2022-03-04T18:34:35 IST" name="verifyForgetPassLink" finished-at="2022-03-04T18:34:36 IST" duration-ms="1565" status="PASS">
          <reporter-output>
          </reporter-output>
        </test-method> <!-- verifyForgetPassLink -->
        <test-method signature="verifyLoginPage()[pri:2, instance:tests.LoginPageTest@1c7696c6]" started-at="2022-03-04T18:34:36 IST" name="verifyLoginPage" finished-at="2022-03-04T18:34:41 IST" duration-ms="5367" status="PASS">
          <reporter-output>
          </reporter-output>
        </test-method> <!-- verifyLoginPage -->
        <test-method signature="verifyLoginPageTitle()[pri:3, instance:tests.LoginPageTest@1c7696c6]" started-at="2022-03-04T18:34:41 IST" name="verifyLoginPageTitle" finished-at="2022-03-04T18:34:41 IST" duration-ms="7" status="PASS">
          <reporter-output>
          </reporter-output>
        </test-method> <!-- verifyLoginPageTitle -->
      </class> <!-- tests.LoginPageTest -->
    </test> <!-- Test -->
  </suite> <!-- All Test Suite -->
</testng-results>
