<?xml version="1.0" encoding="UTF-8"?>
<!-- Generated by org.testng.reporters.JUnitXMLReporter -->
<testsuite hostname="DESKTOP-RL4UTJR" name="Free CRM App Test Cases" tests="7" failures="0" timestamp="6 Feb 2022 13:10:52 GMT" time="57.773" errors="0">
  <testcase name="LoginTitleTest" time="0.012" classname="testCases.LoginTest"/>
  <testcase name="loginTest" time="2.29" classname="testCases.LoginTest"/>
  <testcase name="verifyDealsLinkTest" time="1.244" classname="testCases.HompageTest"/>
  <testcase name="verifyHomepageTitleTest" time="0.006" classname="testCases.HompageTest"/>
  <testcase name="userNameTitleTest" time="1.379" classname="testCases.HompageTest"/>
  <testcase name="verifyContactLinkTest" time="1.264" classname="testCases.HompageTest"/>
  <testcase name="verifyCompanyLinkTest" time="1.31" classname="testCases.HompageTest"/>
</testsuite> <!-- Free CRM App Test Cases -->
