<?xml version="1.0" encoding="UTF-8"?>
<testng-results ignored="0" total="1" passed="1" failed="0" skipped="0">
  <reporter-output>
  </reporter-output>
  <suite started-at="2022-01-31T20:55:46 IST" name="Default suite" finished-at="2022-01-31T20:55:46 IST" duration-ms="57">
    <groups>
    </groups>
    <test started-at="2022-01-31T20:55:46 IST" name="Default test" finished-at="2022-01-31T20:55:46 IST" duration-ms="57">
      <class name="SeleniumWorkss.TestNgPractices">
        <test-method is-config="true" signature="Launch_Browser()[pri:0, instance:SeleniumWorkss.TestNgPractices@368f2016]" started-at="2022-01-31T20:55:46 IST" name="Launch_Browser" finished-at="2022-01-31T20:55:46 IST" duration-ms="9" status="PASS">
          <reporter-output>
          </reporter-output>
        </test-method> <!-- Launch_Browser -->
        <test-method is-config="true" signature="beforeTest()[pri:0, instance:SeleniumWorkss.TestNgPractices@368f2016]" started-at="2022-01-31T20:55:46 IST" name="beforeTest" finished-at="2022-01-31T20:55:46 IST" duration-ms="0" status="PASS">
          <reporter-output>
          </reporter-output>
        </test-method> <!-- beforeTest -->
        <test-method is-config="true" signature="beforeClass()[pri:0, instance:SeleniumWorkss.TestNgPractices@368f2016]" started-at="2022-01-31T20:55:46 IST" name="beforeClass" finished-at="2022-01-31T20:55:46 IST" duration-ms="0" status="PASS">
          <reporter-output>
          </reporter-output>
        </test-method> <!-- beforeClass -->
        <test-method is-config="true" signature="beforeMethod()[pri:0, instance:SeleniumWorkss.TestNgPractices@368f2016]" started-at="2022-01-31T20:55:46 IST" name="beforeMethod" finished-at="2022-01-31T20:55:46 IST" duration-ms="1" status="PASS">
          <reporter-output>
          </reporter-output>
        </test-method> <!-- beforeMethod -->
        <test-method signature="test()[pri:0, instance:SeleniumWorkss.TestNgPractices@368f2016]" started-at="2022-01-31T20:55:46 IST" name="test" finished-at="2022-01-31T20:55:46 IST" duration-ms="9" status="PASS">
          <reporter-output>
          </reporter-output>
        </test-method> <!-- test -->
        <test-method is-config="true" signature="aftermethod()[pri:0, instance:SeleniumWorkss.TestNgPractices@368f2016]" started-at="2022-01-31T20:55:46 IST" name="aftermethod" finished-at="2022-01-31T20:55:46 IST" duration-ms="0" status="PASS">
          <reporter-output>
          </reporter-output>
        </test-method> <!-- aftermethod -->
        <test-method is-config="true" signature="afterclass()[pri:0, instance:SeleniumWorkss.TestNgPractices@368f2016]" started-at="2022-01-31T20:55:46 IST" name="afterclass" finished-at="2022-01-31T20:55:46 IST" duration-ms="0" status="PASS">
          <reporter-output>
          </reporter-output>
        </test-method> <!-- afterclass -->
        <test-method is-config="true" signature="aftertest()[pri:0, instance:SeleniumWorkss.TestNgPractices@368f2016]" started-at="2022-01-31T20:55:46 IST" name="aftertest" finished-at="2022-01-31T20:55:46 IST" duration-ms="0" status="PASS">
          <reporter-output>
          </reporter-output>
        </test-method> <!-- aftertest -->
        <test-method is-config="true" signature="aftersuite()[pri:0, instance:SeleniumWorkss.TestNgPractices@368f2016]" started-at="2022-01-31T20:55:46 IST" name="aftersuite" finished-at="2022-01-31T20:55:46 IST" duration-ms="0" status="PASS">
          <reporter-output>
          </reporter-output>
        </test-method> <!-- aftersuite -->
      </class> <!-- SeleniumWorkss.TestNgPractices -->
    </test> <!-- Default test -->
  </suite> <!-- Default suite -->
</testng-results>
